2007.06.08 13:22 B C:\aon3_backup\Development\gl\src\gla_params.src <-- aon3 /usr/xfer/aon/Development/gl/src gla_params.src
2007.06.08 13:22 B C:\aon3_backup\Development\gl\src\glc_balance.src <-- aon3 /usr/xfer/aon/Development/gl/src glc_balance.src
2007.06.08 13:22 B C:\aon3_backup\Development\gl\src\glc_ctlcreate.src <-- aon3 /usr/xfer/aon/Development/gl/src glc_ctlcreate.src
2007.06.08 13:22 B C:\aon3_backup\Development\gl\src\glc_ctldelete.src <-- aon3 /usr/xfer/aon/Development/gl/src glc_ctldelete.src
2007.06.08 13:22 B C:\aon3_backup\Development\gl\src\glc_ctlupdate.src <-- aon3 /usr/xfer/aon/Development/gl/src glc_ctlupdate.src
2007.06.08 13:22 B C:\aon3_backup\Development\gl\src\glc_datecheck.src <-- aon3 /usr/xfer/aon/Development/gl/src glc_datecheck.src
2007.06.08 13:22 B C:\aon3_backup\Development\gl\src\glc_datewarn.src <-- aon3 /usr/xfer/aon/Development/gl/src glc_datewarn.src
2007.06.08 13:22 B C:\aon3_backup\Development\gl\src\glc_filecheck.src <-- aon3 /usr/xfer/aon/Development/gl/src glc_filecheck.src
2007.06.08 13:22 B C:\aon3_backup\Development\gl\src\glc_glpost.src <-- aon3 /usr/xfer/aon/Development/gl/src glc_glpost.src
2007.06.08 13:22 B C:\aon3_backup\Development\gl\src\glc_nobudgets.src <-- aon3 /usr/xfer/aon/Development/gl/src glc_nobudgets.src
2007.06.08 13:22 B C:\aon3_backup\Development\gl\src\glc_regroup.src <-- aon3 /usr/xfer/aon/Development/gl/src glc_regroup.src
2007.06.08 13:22 B C:\aon3_backup\Development\gl\src\glc_suminfo.src <-- aon3 /usr/xfer/aon/Development/gl/src glc_suminfo.src
2007.06.08 13:22 B C:\aon3_backup\Development\gl\src\glc_summary.src <-- aon3 /usr/xfer/aon/Development/gl/src glc_summary.src
2007.06.08 13:22 B C:\aon3_backup\Development\gl\src\glc_update.src <-- aon3 /usr/xfer/aon/Development/gl/src glc_update.src
2007.06.08 13:22 B C:\aon3_backup\Development\gl\src\gle_13period.src <-- aon3 /usr/xfer/aon/Development/gl/src gle_13period.src
2007.06.08 13:22 B C:\aon3_backup\Development\gl\src\gle_acctxref.src <-- aon3 /usr/xfer/aon/Development/gl/src gle_acctxref.src
2007.06.08 13:22 B C:\aon3_backup\Development\gl\src\gle_beginbalance.src <-- aon3 /usr/xfer/aon/Development/gl/src gle_beginbalance.src
2007.06.08 13:22 B C:\aon3_backup\Development\gl\src\gle_budgetreport.src <-- aon3 /usr/xfer/aon/Development/gl/src gle_budgetreport.src
2007.06.08 13:22 B C:\aon3_backup\Development\gl\src\gle_budgetupdate.src <-- aon3 /usr/xfer/aon/Development/gl/src gle_budgetupdate.src
2007.06.08 13:22 B C:\aon3_backup\Development\gl\src\gle_consacctxref.src <-- aon3 /usr/xfer/aon/Development/gl/src gle_consacctxref.src
2007.06.08 13:22 B C:\aon3_backup\Development\gl\src\gle_financials.src <-- aon3 /usr/xfer/aon/Development/gl/src gle_financials.src
2007.06.08 13:22 B C:\aon3_backup\Development\gl\src\gle_jehdr_cpt.src <-- aon3 /usr/xfer/aon/Development/gl/src gle_jehdr_cpt.src
2007.06.08 13:22 B C:\aon3_backup\Development\gl\src\gle_jrnldet.src <-- aon3 /usr/xfer/aon/Development/gl/src gle_jrnldet.src
2007.06.08 13:22 B C:\aon3_backup\Development\gl\src\gle_summary.src <-- aon3 /usr/xfer/aon/Development/gl/src gle_summary.src
2007.06.08 13:22 B C:\aon3_backup\Development\gl\src\gle_transhistory.src <-- aon3 /usr/xfer/aon/Development/gl/src gle_transhistory.src
2007.06.08 13:22 B C:\aon3_backup\Development\gl\src\gle_yearend.src <-- aon3 /usr/xfer/aon/Development/gl/src gle_yearend.src
2007.06.08 13:22 B C:\aon3_backup\Development\gl\src\glm_acctmast_cpt.src <-- aon3 /usr/xfer/aon/Development/gl/src glm_acctmast_cpt.src
2007.06.08 13:22 B C:\aon3_backup\Development\gl\src\glr_13period.src <-- aon3 /usr/xfer/aon/Development/gl/src glr_13period.src
2007.06.08 13:22 B C:\aon3_backup\Development\gl\src\glr_acctlist.src <-- aon3 /usr/xfer/aon/Development/gl/src glr_acctlist.src
2007.06.08 13:22 B C:\aon3_backup\Development\gl\src\glr_accttotals.src <-- aon3 /usr/xfer/aon/Development/gl/src glr_accttotals.src
2007.06.08 13:22 B C:\aon3_backup\Development\gl\src\glr_acctxref.src <-- aon3 /usr/xfer/aon/Development/gl/src glr_acctxref.src
2007.06.08 13:22 B C:\aon3_backup\Development\gl\src\glr_allocate.src <-- aon3 /usr/xfer/aon/Development/gl/src glr_allocate.src
2007.06.08 13:22 B C:\aon3_backup\Development\gl\src\glr_balance.src <-- aon3 /usr/xfer/aon/Development/gl/src glr_balance.src
2007.06.08 13:22 B C:\aon3_backup\Development\gl\src\glr_bankmaster.src <-- aon3 /usr/xfer/aon/Development/gl/src glr_bankmaster.src
2007.06.08 13:22 B C:\aon3_backup\Development\gl\src\glr_beginbalance.src <-- aon3 /usr/xfer/aon/Development/gl/src glr_beginbalance.src
2007.06.08 13:22 B C:\aon3_backup\Development\gl\src\glr_budgetmaster.src <-- aon3 /usr/xfer/aon/Development/gl/src glr_budgetmaster.src
2007.06.08 13:22 B C:\aon3_backup\Development\gl\src\glr_dailydetail.src <-- aon3 /usr/xfer/aon/Development/gl/src glr_dailydetail.src
2007.06.08 13:22 B C:\aon3_backup\Development\gl\src\glr_financials.src <-- aon3 /usr/xfer/aon/Development/gl/src glr_financials.src
2007.06.08 13:22 B C:\aon3_backup\Development\gl\src\glr_headings.src <-- aon3 /usr/xfer/aon/Development/gl/src glr_headings.src
2007.06.08 13:22 B C:\aon3_backup\Development\gl\src\glr_journal.src <-- aon3 /usr/xfer/aon/Development/gl/src glr_journal.src
2007.06.08 13:22 B C:\aon3_backup\Development\gl\src\glr_profitloss.src <-- aon3 /usr/xfer/aon/Development/gl/src glr_profitloss.src
2007.06.08 13:22 B C:\aon3_backup\Development\gl\src\glr_recap.src <-- aon3 /usr/xfer/aon/Development/gl/src glr_recap.src
2007.06.08 13:22 B C:\aon3_backup\Development\gl\src\glr_recurring.src <-- aon3 /usr/xfer/aon/Development/gl/src glr_recurring.src
2007.06.08 13:22 B C:\aon3_backup\Development\gl\src\glr_register.src <-- aon3 /usr/xfer/aon/Development/gl/src glr_register.src
2007.06.08 13:22 B C:\aon3_backup\Development\gl\src\glr_simple.src <-- aon3 /usr/xfer/aon/Development/gl/src glr_simple.src
2007.06.08 13:22 B C:\aon3_backup\Development\gl\src\glr_summary.src <-- aon3 /usr/xfer/aon/Development/gl/src glr_summary.src
2007.06.08 13:22 B C:\aon3_backup\Development\gl\src\glr_totalsreport.src <-- aon3 /usr/xfer/aon/Development/gl/src glr_totalsreport.src
2007.06.08 13:22 B C:\aon3_backup\Development\gl\src\glr_transhistory.src <-- aon3 /usr/xfer/aon/Development/gl/src glr_transhistory.src
2007.06.08 13:22 B C:\aon3_backup\Development\gl\src\glr_trialbalance.src <-- aon3 /usr/xfer/aon/Development/gl/src glr_trialbalance.src
2007.06.08 13:22 B C:\aon3_backup\Development\gl\src\gls_params_cpt.src <-- aon3 /usr/xfer/aon/Development/gl/src gls_params_cpt.src
2007.06.08 13:22 B C:\aon3_backup\Development\gl\src\glu_13period.src <-- aon3 /usr/xfer/aon/Development/gl/src glu_13period.src
2007.06.08 13:22 B C:\aon3_backup\Development\gl\src\glu_allocate.src <-- aon3 /usr/xfer/aon/Development/gl/src glu_allocate.src
2007.06.08 13:22 B C:\aon3_backup\Development\gl\src\glu_beginbalance.src <-- aon3 /usr/xfer/aon/Development/gl/src glu_beginbalance.src
2007.06.08 13:22 B C:\aon3_backup\Development\gl\src\glu_budgetupdate.src <-- aon3 /usr/xfer/aon/Development/gl/src glu_budgetupdate.src
2007.06.08 13:22 B C:\aon3_backup\Development\gl\src\glu_createbudget.src <-- aon3 /usr/xfer/aon/Development/gl/src glu_createbudget.src
2007.06.08 13:22 B C:\aon3_backup\Development\gl\src\glu_dailydetail.src <-- aon3 /usr/xfer/aon/Development/gl/src glu_dailydetail.src
2007.06.08 13:22 B C:\aon3_backup\Development\gl\src\glu_financials.src <-- aon3 /usr/xfer/aon/Development/gl/src glu_financials.src
2007.06.08 13:22 B C:\aon3_backup\Development\gl\src\glu_journal.src <-- aon3 /usr/xfer/aon/Development/gl/src glu_journal.src
2007.06.08 13:22 B C:\aon3_backup\Development\gl\src\glu_periodend.src <-- aon3 /usr/xfer/aon/Development/gl/src glu_periodend.src
2007.06.08 13:22 B C:\aon3_backup\Development\gl\src\glu_purgetrans.src <-- aon3 /usr/xfer/aon/Development/gl/src glu_purgetrans.src
2007.06.08 13:22 B C:\aon3_backup\Development\gl\src\glu_recurring.src <-- aon3 /usr/xfer/aon/Development/gl/src glu_recurring.src
2007.06.08 13:22 B C:\aon3_backup\Development\gl\src\glx_copychart.src <-- aon3 /usr/xfer/aon/Development/gl/src glx_copychart.src
2007.06.08 13:22 B C:\aon3_backup\Development\gl\src\glx_upgrade800.src <-- aon3 /usr/xfer/aon/Development/gl/src glx_upgrade800.src
