2007.06.08 13:23 B C:\aon3_backup\Development\iv\src\iva_itemmast.src <-- aon3 /usr/xfer/aon/Development/iv/src iva_itemmast.src
2007.06.08 13:23 B C:\aon3_backup\Development\iv\src\iva_itemvend.src <-- aon3 /usr/xfer/aon/Development/iv/src iva_itemvend.src
2007.06.08 13:23 B C:\aon3_backup\Development\iv\src\iva_itemwhse.src <-- aon3 /usr/xfer/aon/Development/iv/src iva_itemwhse.src
2007.06.08 13:23 B C:\aon3_backup\Development\iv\src\iva_lsmaster.src <-- aon3 /usr/xfer/aon/Development/iv/src iva_lsmaster.src
2007.06.08 13:23 B C:\aon3_backup\Development\iv\src\ivc_activity.src <-- aon3 /usr/xfer/aon/Development/iv/src ivc_activity.src
2007.06.08 13:23 B C:\aon3_backup\Development\iv\src\ivc_itemupdt.src <-- aon3 /usr/xfer/aon/Development/iv/src ivc_itemupdt.src
2007.06.08 13:23 B C:\aon3_backup\Development\iv\src\ivc_periodqty.src <-- aon3 /usr/xfer/aon/Development/iv/src ivc_periodqty.src
2007.06.08 13:23 B C:\aon3_backup\Development\iv\src\ivc_transdata.src <-- aon3 /usr/xfer/aon/Development/iv/src ivc_transdata.src
2007.06.08 13:23 B C:\aon3_backup\Development\iv\src\ivc_warnings.src <-- aon3 /usr/xfer/aon/Development/iv/src ivc_warnings.src
2007.06.08 13:23 B C:\aon3_backup\Development\iv\src\ivc_whseact.src <-- aon3 /usr/xfer/aon/Development/iv/src ivc_whseact.src
2007.06.08 13:23 B C:\aon3_backup\Development\iv\src\ive_ab.src <-- aon3 /usr/xfer/aon/Development/iv/src ive_ab.src
2007.06.08 13:23 B C:\aon3_backup\Development\iv\src\ivm_itemWhseActivity.src <-- aon3 /usr/xfer/aon/Development/iv/src ivm_itemWhseActivity.src
2007.06.08 13:23 B C:\aon3_backup\Development\iv\src\ivm_itemWhseLotActivity.src <-- aon3 /usr/xfer/aon/Development/iv/src ivm_itemWhseLotActivity.src
2007.06.08 13:23 B C:\aon3_backup\Development\iv\src\ivr_itemact.src <-- aon3 /usr/xfer/aon/Development/iv/src ivr_itemact.src
2007.06.08 13:23 B C:\aon3_backup\Development\iv\src\ivr_itemdesc.src <-- aon3 /usr/xfer/aon/Development/iv/src ivr_itemdesc.src
2007.06.08 13:23 B C:\aon3_backup\Development\iv\src\ivr_lifofifo.src <-- aon3 /usr/xfer/aon/Development/iv/src ivr_lifofifo.src
2007.06.08 13:23 B C:\aon3_backup\Development\iv\src\ivr_lstranhist.src <-- aon3 /usr/xfer/aon/Development/iv/src ivr_lstranhist.src
2007.06.08 13:23 B C:\aon3_backup\Development\iv\src\ivr_openpo.src <-- aon3 /usr/xfer/aon/Development/iv/src ivr_openpo.src
2007.06.08 13:23 B C:\aon3_backup\Development\iv\src\ivr_openso.src <-- aon3 /usr/xfer/aon/Development/iv/src ivr_openso.src
2007.06.08 13:23 B C:\aon3_backup\Development\iv\src\ivr_synonyms.src <-- aon3 /usr/xfer/aon/Development/iv/src ivr_synonyms.src
2007.06.08 13:23 B C:\aon3_backup\Development\iv\src\ivr_transhist.src <-- aon3 /usr/xfer/aon/Development/iv/src ivr_transhist.src
2007.06.08 13:23 B C:\aon3_backup\Development\iv\src\ivx_rebuildcosts.src <-- aon3 /usr/xfer/aon/Development/iv/src ivx_rebuildcosts.src
2007.06.08 13:23 B C:\aon3_backup\Development\iv\src\ivx_upgrade800.src <-- aon3 /usr/xfer/aon/Development/iv/src ivx_upgrade800.src
