2007.06.08 13:18 B C:\aon3_backup\Development\ap\src\ape_mancheckhdr_cpt.src <-- aon3 /usr/xfer/aon/Development/ap/src ape_mancheckhdr_cpt.src
2007.06.08 13:18 B C:\aon3_backup\Development\ap\src\apr_agingreport.src <-- aon3 /usr/xfer/aon/Development/ap/src apr_agingreport.src
2007.06.08 13:18 B C:\aon3_backup\Development\ap\src\apr_cashrequire.src <-- aon3 /usr/xfer/aon/Development/ap/src apr_cashrequire.src
2007.06.08 13:18 B C:\aon3_backup\Development\ap\src\apr_checkreport.src <-- aon3 /usr/xfer/aon/Development/ap/src apr_checkreport.src
2007.06.08 13:18 B C:\aon3_backup\Development\ap\src\apr_chkregister.src <-- aon3 /usr/xfer/aon/Development/ap/src apr_chkregister.src
2007.06.08 13:18 B C:\aon3_backup\Development\ap\src\apr_comments.src <-- aon3 /usr/xfer/aon/Development/ap/src apr_comments.src
2007.06.08 13:18 B C:\aon3_backup\Development\ap\src\apr_detail.src <-- aon3 /usr/xfer/aon/Development/ap/src apr_detail.src
2007.06.08 13:18 B C:\aon3_backup\Development\ap\src\apr_disbursemnts.src <-- aon3 /usr/xfer/aon/Development/ap/src apr_disbursemnts.src
2007.06.08 13:18 B C:\aon3_backup\Development\ap\src\apr_invoiceentry.src <-- aon3 /usr/xfer/aon/Development/ap/src apr_invoiceentry.src
2007.06.08 13:18 B C:\aon3_backup\Development\ap\src\apr_labels.src <-- aon3 /usr/xfer/aon/Development/ap/src apr_labels.src
2007.06.08 13:18 B C:\aon3_backup\Development\ap\src\apr_ledgers.src <-- aon3 /usr/xfer/aon/Development/ap/src apr_ledgers.src
2007.06.08 13:18 B C:\aon3_backup\Development\ap\src\apr_manualchecks.src <-- aon3 /usr/xfer/aon/Development/ap/src apr_manualchecks.src
2007.06.08 13:18 B C:\aon3_backup\Development\ap\src\apr_nameaddress.src <-- aon3 /usr/xfer/aon/Development/ap/src apr_nameaddress.src
2007.06.08 13:18 B C:\aon3_backup\Development\ap\src\apr_payments.src <-- aon3 /usr/xfer/aon/Development/ap/src apr_payments.src
2007.06.08 13:18 B C:\aon3_backup\Development\ap\src\apr_purchases.src <-- aon3 /usr/xfer/aon/Development/ap/src apr_purchases.src
2007.06.08 13:18 B C:\aon3_backup\Development\ap\src\apr_receipts.src <-- aon3 /usr/xfer/aon/Development/ap/src apr_receipts.src
2007.06.08 13:18 B C:\aon3_backup\Development\ap\src\apr_recurring.src <-- aon3 /usr/xfer/aon/Development/ap/src apr_recurring.src
2007.06.08 13:18 B C:\aon3_backup\Development\ap\src\apr_tempvendors.src <-- aon3 /usr/xfer/aon/Development/ap/src apr_tempvendors.src
2007.06.08 13:18 B C:\aon3_backup\Development\ap\src\apr_vendinv.src <-- aon3 /usr/xfer/aon/Development/ap/src apr_vendinv.src
2007.06.08 13:18 B C:\aon3_backup\Development\ap\src\apr_vendorxref.src <-- aon3 /usr/xfer/aon/Development/ap/src apr_vendorxref.src
2007.06.08 13:18 B C:\aon3_backup\Development\ap\src\apr_zerobalance.src <-- aon3 /usr/xfer/aon/Development/ap/src apr_zerobalance.src
2007.06.08 13:18 B C:\aon3_backup\Development\ap\src\apu_chkregister.src <-- aon3 /usr/xfer/aon/Development/ap/src apu_chkregister.src
2007.06.08 13:18 B C:\aon3_backup\Development\ap\src\apu_close1099.src <-- aon3 /usr/xfer/aon/Development/ap/src apu_close1099.src
2007.06.08 13:18 B C:\aon3_backup\Development\ap\src\apu_invoiceentry.src <-- aon3 /usr/xfer/aon/Development/ap/src apu_invoiceentry.src
2007.06.08 13:18 B C:\aon3_backup\Development\ap\src\apu_manualchecks.src <-- aon3 /usr/xfer/aon/Development/ap/src apu_manualchecks.src
2007.06.08 13:18 B C:\aon3_backup\Development\ap\src\apu_recurring.src <-- aon3 /usr/xfer/aon/Development/ap/src apu_recurring.src
2007.06.08 13:18 B C:\aon3_backup\Development\ap\src\apu_zerobalance.src <-- aon3 /usr/xfer/aon/Development/ap/src apu_zerobalance.src
2007.06.08 13:18 B C:\aon3_backup\Development\ap\src\apx_upgrade800.src <-- aon3 /usr/xfer/aon/Development/ap/src apx_upgrade800.src
