2007.06.08 13:18 B C:\aon3_backup\Development\ar\src\are_cashhdr_cpt.src <-- aon3 /usr/xfer/aon/Development/ar/src are_cashhdr_cpt.src
2007.06.08 13:18 B C:\aon3_backup\Development\ar\src\are_cnvinv_cpt.src <-- aon3 /usr/xfer/aon/Development/ar/src are_cnvinv_cpt.src
2007.06.08 13:18 B C:\aon3_backup\Development\ar\src\are_finchg_cpt.src <-- aon3 /usr/xfer/aon/Development/ar/src are_finchg_cpt.src
2007.06.08 13:18 B C:\aon3_backup\Development\ar\src\are_invhdr_cpt.src <-- aon3 /usr/xfer/aon/Development/ar/src are_invhdr_cpt.src
2007.06.08 13:18 B C:\aon3_backup\Development\ar\src\arm_custmast_cpt.src <-- aon3 /usr/xfer/aon/Development/ar/src arm_custmast_cpt.src
2007.06.08 13:18 B C:\aon3_backup\Development\ar\src\arr_agingreport.src <-- aon3 /usr/xfer/aon/Development/ar/src arr_agingreport.src
2007.06.08 13:18 B C:\aon3_backup\Development\ar\src\arr_analysis.src <-- aon3 /usr/xfer/aon/Development/ar/src arr_analysis.src
2007.06.08 13:18 B C:\aon3_backup\Development\ar\src\arr_cashjournal.src <-- aon3 /usr/xfer/aon/Development/ar/src arr_cashjournal.src
2007.06.08 13:18 B C:\aon3_backup\Development\ar\src\arr_cashreceipts.src <-- aon3 /usr/xfer/aon/Development/ar/src arr_cashreceipts.src
2007.06.08 13:18 B C:\aon3_backup\Development\ar\src\arr_comments.src <-- aon3 /usr/xfer/aon/Development/ar/src arr_comments.src
2007.06.08 13:18 B C:\aon3_backup\Development\ar\src\arr_customerxref.src <-- aon3 /usr/xfer/aon/Development/ar/src arr_customerxref.src
2007.06.08 13:18 B C:\aon3_backup\Development\ar\src\arr_dateregister.src <-- aon3 /usr/xfer/aon/Development/ar/src arr_dateregister.src
2007.06.08 13:18 B C:\aon3_backup\Development\ar\src\arr_detail.src <-- aon3 /usr/xfer/aon/Development/ar/src arr_detail.src
2007.06.08 13:18 B C:\aon3_backup\Development\ar\src\arr_invdetail.src <-- aon3 /usr/xfer/aon/Development/ar/src arr_invdetail.src
2007.06.08 13:18 B C:\aon3_backup\Development\ar\src\arr_invoiceentry.src <-- aon3 /usr/xfer/aon/Development/ar/src arr_invoiceentry.src
2007.06.08 13:18 B C:\aon3_backup\Development\ar\src\arr_invoices.src <-- aon3 /usr/xfer/aon/Development/ar/src arr_invoices.src
2007.06.08 13:18 B C:\aon3_backup\Development\ar\src\arr_labels.src <-- aon3 /usr/xfer/aon/Development/ar/src arr_labels.src
2007.06.08 13:18 B C:\aon3_backup\Development\ar\src\arr_ledgers.src <-- aon3 /usr/xfer/aon/Development/ar/src arr_ledgers.src
2007.06.08 13:18 B C:\aon3_backup\Development\ar\src\arr_nameaddress.src <-- aon3 /usr/xfer/aon/Development/ar/src arr_nameaddress.src
2007.06.08 13:18 B C:\aon3_backup\Development\ar\src\arr_namelist.src <-- aon3 /usr/xfer/aon/Development/ar/src arr_namelist.src
2007.06.08 13:18 B C:\aon3_backup\Development\ar\src\arr_ordinvhist.src <-- aon3 /usr/xfer/aon/Development/ar/src arr_ordinvhist.src
2007.06.08 13:18 B C:\aon3_backup\Development\ar\src\arr_otherentry.src <-- aon3 /usr/xfer/aon/Development/ar/src arr_otherentry.src
2007.06.08 13:18 B C:\aon3_backup\Development\ar\src\arr_ranking.src <-- aon3 /usr/xfer/aon/Development/ar/src arr_ranking.src
2007.06.08 13:18 B C:\aon3_backup\Development\ar\src\arr_statements.src <-- aon3 /usr/xfer/aon/Development/ar/src arr_statements.src
2007.06.08 13:18 B C:\aon3_backup\Development\ar\src\arr_zerobalance.src <-- aon3 /usr/xfer/aon/Development/ar/src arr_zerobalance.src
2007.06.08 13:18 B C:\aon3_backup\Development\ar\src\ars_credit_cpt.src <-- aon3 /usr/xfer/aon/Development/ar/src ars_credit_cpt.src
2007.06.08 13:18 B C:\aon3_backup\Development\ar\src\ars_custdflt_cpt.src <-- aon3 /usr/xfer/aon/Development/ar/src ars_custdflt_cpt.src
2007.06.08 13:18 B C:\aon3_backup\Development\ar\src\ars_params_cpt.src <-- aon3 /usr/xfer/aon/Development/ar/src ars_params_cpt.src
2007.06.08 13:18 B C:\aon3_backup\Development\ar\src\ars_params_cpt_1.src <-- aon3 /usr/xfer/aon/Development/ar/src ars_params_cpt_1.src
2007.06.08 13:18 B C:\aon3_backup\Development\ar\src\ars_report_cpt.src <-- aon3 /usr/xfer/aon/Development/ar/src ars_report_cpt.src
2007.06.08 13:18 B C:\aon3_backup\Development\ar\src\aru_agingupdate.src <-- aon3 /usr/xfer/aon/Development/ar/src aru_agingupdate.src
2007.06.08 13:18 B C:\aon3_backup\Development\ar\src\aru_cashjournal.src <-- aon3 /usr/xfer/aon/Development/ar/src aru_cashjournal.src
2007.06.08 13:18 B C:\aon3_backup\Development\ar\src\aru_cashreceipts.src <-- aon3 /usr/xfer/aon/Development/ar/src aru_cashreceipts.src
2007.06.08 13:18 B C:\aon3_backup\Development\ar\src\aru_dateregister.src <-- aon3 /usr/xfer/aon/Development/ar/src aru_dateregister.src
2007.06.08 13:18 B C:\aon3_backup\Development\ar\src\aru_financecharg.src <-- aon3 /usr/xfer/aon/Development/ar/src aru_financecharg.src
2007.06.08 13:18 B C:\aon3_backup\Development\ar\src\aru_financepurge.src <-- aon3 /usr/xfer/aon/Development/ar/src aru_financepurge.src
2007.06.08 13:18 B C:\aon3_backup\Development\ar\src\aru_invoiceentry.src <-- aon3 /usr/xfer/aon/Development/ar/src aru_invoiceentry.src
2007.06.08 13:18 B C:\aon3_backup\Development\ar\src\aru_otherentry.src <-- aon3 /usr/xfer/aon/Development/ar/src aru_otherentry.src
2007.06.08 13:18 B C:\aon3_backup\Development\ar\src\aru_periodend.src <-- aon3 /usr/xfer/aon/Development/ar/src aru_periodend.src
2007.06.08 13:18 B C:\aon3_backup\Development\ar\src\aru_zerobalance.src <-- aon3 /usr/xfer/aon/Development/ar/src aru_zerobalance.src
2007.06.08 13:18 B C:\aon3_backup\Development\ar\src\arx_changesaflag.src <-- aon3 /usr/xfer/aon/Development/ar/src arx_changesaflag.src
2007.06.08 13:18 B C:\aon3_backup\Development\ar\src\arx_upgrade800.src <-- aon3 /usr/xfer/aon/Development/ar/src arx_upgrade800.src
